{"/Users/ankitpal/Desktop/WorkSpace/assessment/assessment/src/App.tsx": {"path":"/Users/ankitpal/Desktop/WorkSpace/assessment/assessment/src/App.tsx","statementMap":{"0":{"start":{"line":2,"column":0},"end":{"line":2,"column":42}},"1":{"start":{"line":3,"column":0},"end":{"line":3,"column":52}},"2":{"start":{"line":6,"column":2},"end":{"line":16,"column":4}},"3":{"start":{"line":19,"column":0},"end":{"line":19,"column":19}}},"fnMap":{"0":{"name":"App","decl":{"start":{"line":5,"column":9},"end":{"line":5,"column":12}},"loc":{"start":{"line":5,"column":12},"end":{"line":17,"column":1}}}},"branchMap":{},"s":{"0":1,"1":1,"2":3,"3":1},"f":{"0":3},"b":{}}
,"/Users/ankitpal/Desktop/WorkSpace/assessment/assessment/src/components/Logo.tsx": {"path":"/Users/ankitpal/Desktop/WorkSpace/assessment/assessment/src/components/Logo.tsx","statementMap":{"0":{"start":{"line":4,"column":2},"end":{"line":4,"column":25}},"1":{"start":{"line":7,"column":0},"end":{"line":7,"column":20}}},"fnMap":{"0":{"name":"Logo","decl":{"start":{"line":3,"column":9},"end":{"line":3,"column":13}},"loc":{"start":{"line":3,"column":13},"end":{"line":5,"column":1}}}},"branchMap":{},"s":{"0":6,"1":1},"f":{"0":6},"b":{}}
,"/Users/ankitpal/Desktop/WorkSpace/assessment/assessment/src/components/index.ts": {"path":"/Users/ankitpal/Desktop/WorkSpace/assessment/assessment/src/components/index.ts","statementMap":{"0":{"start":{"line":1,"column":0},"end":{"line":1,"column":7}},"1":{"start":{"line":7,"column":9},"end":{"line":1,"column":37}},"2":{"start":{"line":2,"column":0},"end":{"line":2,"column":7}},"3":{"start":{"line":7,"column":17},"end":{"line":2,"column":46}},"4":{"start":{"line":3,"column":0},"end":{"line":3,"column":7}},"5":{"start":{"line":7,"column":28},"end":{"line":3,"column":26}},"6":{"start":{"line":4,"column":0},"end":{"line":4,"column":7}},"7":{"start":{"line":7,"column":34},"end":{"line":4,"column":37}},"8":{"start":{"line":5,"column":0},"end":{"line":5,"column":7}},"9":{"start":{"line":7,"column":42},"end":{"line":5,"column":43}}},"fnMap":{},"branchMap":{},"s":{"0":1,"1":1,"2":1,"3":1,"4":1,"5":1,"6":1,"7":1,"8":1,"9":1},"f":{},"b":{}}
,"/Users/ankitpal/Desktop/WorkSpace/assessment/assessment/src/components/container/Container.tsx": {"path":"/Users/ankitpal/Desktop/WorkSpace/assessment/assessment/src/components/container/Container.tsx","statementMap":{"0":{"start":{"line":3,"column":47},"end":{"line":5,"column":1}},"1":{"start":{"line":4,"column":2},"end":{"line":4,"column":73}},"2":{"start":{"line":7,"column":0},"end":{"line":7,"column":25}}},"fnMap":{"0":{"name":"(anonymous_0)","decl":{"start":{"line":3,"column":47},"end":{"line":3,"column":48}},"loc":{"start":{"line":3,"column":64},"end":{"line":5,"column":1}}}},"branchMap":{},"s":{"0":1,"1":3,"2":1},"f":{"0":3},"b":{}}
,"/Users/ankitpal/Desktop/WorkSpace/assessment/assessment/src/components/footer/Footer.tsx": {"path":"/Users/ankitpal/Desktop/WorkSpace/assessment/assessment/src/components/footer/Footer.tsx","statementMap":{"0":{"start":{"line":2,"column":0},"end":{"line":2,"column":27}},"1":{"start":{"line":4,"column":15},"end":{"line":22,"column":null}},"2":{"start":{"line":5,"column":2},"end":{"line":21,"column":null}},"3":{"start":{"line":25,"column":0},"end":{"line":25,"column":22}}},"fnMap":{"0":{"name":"(anonymous_1)","decl":{"start":{"line":4,"column":15},"end":{"line":4,"column":18}},"loc":{"start":{"line":5,"column":2},"end":{"line":21,"column":null}}}},"branchMap":{},"s":{"0":1,"1":1,"2":3,"3":1},"f":{"0":3},"b":{}}
,"/Users/ankitpal/Desktop/WorkSpace/assessment/assessment/src/components/header/Header.tsx": {"path":"/Users/ankitpal/Desktop/WorkSpace/assessment/assessment/src/components/header/Header.tsx","statementMap":{"0":{"start":{"line":1,"column":0},"end":{"line":1,"column":43}},"1":{"start":{"line":2,"column":0},"end":{"line":2,"column":47}},"2":{"start":{"line":3,"column":0},"end":{"line":3,"column":40}},"3":{"start":{"line":11,"column":19},"end":{"line":11,"column":32}},"4":{"start":{"line":13,"column":30},"end":{"line":16,"column":4}},"5":{"start":{"line":18,"column":2},"end":{"line":42,"column":4}},"6":{"start":{"line":29,"column":14},"end":{"line":29,"column":46}},"7":{"start":{"line":32,"column":33},"end":{"line":32,"column":52}},"8":{"start":{"line":45,"column":0},"end":{"line":45,"column":22}}},"fnMap":{"0":{"name":"Header","decl":{"start":{"line":10,"column":9},"end":{"line":10,"column":15}},"loc":{"start":{"line":10,"column":15},"end":{"line":43,"column":1}}},"1":{"name":"(anonymous_1)","decl":{"start":{"line":28,"column":26},"end":{"line":28,"column":27}},"loc":{"start":{"line":29,"column":14},"end":{"line":29,"column":46}}},"2":{"name":"(anonymous_2)","decl":{"start":{"line":32,"column":27},"end":{"line":32,"column":30}},"loc":{"start":{"line":32,"column":33},"end":{"line":32,"column":52}}}},"branchMap":{},"s":{"0":1,"1":1,"2":1,"3":3,"4":3,"5":3,"6":6,"7":0,"8":1},"f":{"0":3,"1":6,"2":0},"b":{}}
,"/Users/ankitpal/Desktop/WorkSpace/assessment/assessment/src/components/postCard/PostCard.tsx": {"path":"/Users/ankitpal/Desktop/WorkSpace/assessment/assessment/src/components/postCard/PostCard.tsx","statementMap":{"0":{"start":{"line":2,"column":0},"end":{"line":2,"column":40}},"1":{"start":{"line":9,"column":17},"end":{"line":24,"column":2}},"2":{"start":{"line":9,"column":33},"end":{"line":24,"column":2}},"3":{"start":{"line":26,"column":0},"end":{"line":26,"column":24}}},"fnMap":{"0":{"name":"(anonymous_0)","decl":{"start":{"line":9,"column":17},"end":{"line":9,"column":18}},"loc":{"start":{"line":9,"column":32},"end":{"line":24,"column":2}}}},"branchMap":{"0":{"loc":{"start":{"line":13,"column":9},"end":{"line":18,"column":null}},"type":"binary-expr","locations":[{"start":{"line":13,"column":9},"end":{"line":13,"column":55}},{"start":{"line":14,"column":10},"end":{"line":17,"column":null}}]},"1":{"loc":{"start":{"line":13,"column":9},"end":{"line":13,"column":55}},"type":"cond-expr","locations":[{"start":{"line":13,"column":50},"end":{"line":13,"column":52}},{"start":{"line":13,"column":50},"end":{"line":13,"column":55}}]},"2":{"loc":{"start":{"line":13,"column":9},"end":{"line":13,"column":52}},"type":"binary-expr","locations":[{"start":{"line":13,"column":9},"end":{"line":13,"column":52}},{"start":{"line":13,"column":50},"end":{"line":13,"column":52}}]},"3":{"loc":{"start":{"line":13,"column":9},"end":{"line":13,"column":50}},"type":"cond-expr","locations":[{"start":{"line":13,"column":45},"end":{"line":13,"column":48}},{"start":{"line":13,"column":45},"end":{"line":13,"column":50}}]},"4":{"loc":{"start":{"line":13,"column":9},"end":{"line":13,"column":48}},"type":"binary-expr","locations":[{"start":{"line":13,"column":9},"end":{"line":13,"column":48}},{"start":{"line":13,"column":45},"end":{"line":13,"column":48}}]},"5":{"loc":{"start":{"line":13,"column":9},"end":{"line":13,"column":45}},"type":"cond-expr","locations":[{"start":{"line":13,"column":25},"end":{"line":13,"column":28}},{"start":{"line":13,"column":25},"end":{"line":13,"column":45}}]},"6":{"loc":{"start":{"line":13,"column":9},"end":{"line":13,"column":28}},"type":"binary-expr","locations":[{"start":{"line":13,"column":9},"end":{"line":13,"column":28}},{"start":{"line":13,"column":25},"end":{"line":13,"column":28}}]},"7":{"loc":{"start":{"line":13,"column":9},"end":{"line":13,"column":25}},"type":"cond-expr","locations":[{"start":{"line":13,"column":20},"end":{"line":13,"column":23}},{"start":{"line":13,"column":20},"end":{"line":13,"column":25}}]},"8":{"loc":{"start":{"line":13,"column":9},"end":{"line":13,"column":23}},"type":"binary-expr","locations":[{"start":{"line":13,"column":9},"end":{"line":13,"column":23}},{"start":{"line":13,"column":20},"end":{"line":13,"column":23}}]},"9":{"loc":{"start":{"line":13,"column":9},"end":{"line":13,"column":20}},"type":"cond-expr","locations":[{"start":{"line":13,"column":13},"end":{"line":13,"column":15}},{"start":{"line":13,"column":9},"end":{"line":13,"column":20}}]},"10":{"loc":{"start":{"line":13,"column":9},"end":{"line":13,"column":15}},"type":"binary-expr","locations":[{"start":{"line":13,"column":9},"end":{"line":13,"column":15}},{"start":{"line":13,"column":9},"end":{"line":13,"column":15}}]},"11":{"loc":{"start":{"line":15,"column":17},"end":{"line":15,"column":60}},"type":"cond-expr","locations":[{"start":{"line":15,"column":51},"end":{"line":15,"column":54}},{"start":{"line":15,"column":51},"end":{"line":15,"column":60}}]},"12":{"loc":{"start":{"line":15,"column":17},"end":{"line":15,"column":54}},"type":"binary-expr","locations":[{"start":{"line":15,"column":17},"end":{"line":15,"column":54}},{"start":{"line":15,"column":51},"end":{"line":15,"column":54}}]},"13":{"loc":{"start":{"line":15,"column":17},"end":{"line":15,"column":51}},"type":"cond-expr","locations":[{"start":{"line":15,"column":31},"end":{"line":15,"column":34}},{"start":{"line":15,"column":31},"end":{"line":15,"column":51}}]},"14":{"loc":{"start":{"line":15,"column":17},"end":{"line":15,"column":34}},"type":"binary-expr","locations":[{"start":{"line":15,"column":17},"end":{"line":15,"column":34}},{"start":{"line":15,"column":31},"end":{"line":15,"column":34}}]},"15":{"loc":{"start":{"line":15,"column":17},"end":{"line":15,"column":31}},"type":"cond-expr","locations":[{"start":{"line":15,"column":21},"end":{"line":15,"column":23}},{"start":{"line":15,"column":17},"end":{"line":15,"column":31}}]},"16":{"loc":{"start":{"line":15,"column":17},"end":{"line":15,"column":23}},"type":"binary-expr","locations":[{"start":{"line":15,"column":17},"end":{"line":15,"column":23}},{"start":{"line":15,"column":17},"end":{"line":15,"column":23}}]}},"s":{"0":1,"1":1,"2":0,"3":1},"f":{"0":0},"b":{"0":[0,0],"1":[0,0],"2":[0,0],"3":[0,0],"4":[0,0],"5":[0,0],"6":[0,0],"7":[0,0],"8":[0,0],"9":[0,0],"10":[0,0],"11":[0,0],"12":[0,0],"13":[0,0],"14":[0,0],"15":[0,0],"16":[0,0]}}
}
